[2017-08-21 16:01:42] Текст ошибки: Нет соединения с БД | Файл: D:\WebServer\domains\ishop2.loc\vendor\ishop\core\Db.php | Строка: 14
=================
[2017-08-22 08:49:56] Текст ошибки: Страница не найдена | Файл: D:\WebServer\domains\ishop2.loc\vendor\ishop\core\Router.php | Строка: 39
=================
[2017-08-22 08:49:56] Текст ошибки: Страница не найдена | Файл: D:\WebServer\domains\ishop2.loc\vendor\ishop\core\Router.php | Строка: 39
=================
[2017-08-22 08:52:48] Текст ошибки: Страница не найдена | Файл: D:\WebServer\domains\ishop2.loc\vendor\ishop\core\Router.php | Строка: 39
=================
[2017-08-22 08:52:48] Текст ошибки: Страница не найдена | Файл: D:\WebServer\domains\ishop2.loc\vendor\ishop\core\Router.php | Строка: 39
=================
[2017-08-22 08:52:48] Текст ошибки: Страница не найдена | Файл: D:\WebServer\domains\ishop2.loc\vendor\ishop\core\Router.php | Строка: 39
=================
[2017-08-22 08:52:48] Текст ошибки: Страница не найдена | Файл: D:\WebServer\domains\ishop2.loc\vendor\ishop\core\Router.php | Строка: 39
=================
[2017-08-22 08:52:48] Текст ошибки: Страница не найдена | Файл: D:\WebServer\domains\ishop2.loc\vendor\ishop\core\Router.php | Строка: 39
=================
[2017-08-22 08:52:48] Текст ошибки: Страница не найдена | Файл: D:\WebServer\domains\ishop2.loc\vendor\ishop\core\Router.php | Строка: 39
=================
[2017-08-22 08:52:48] Текст ошибки: Страница не найдена | Файл: D:\WebServer\domains\ishop2.loc\vendor\ishop\core\Router.php | Строка: 39
=================
[2017-08-22 08:52:48] Текст ошибки: Страница не найдена | Файл: D:\WebServer\domains\ishop2.loc\vendor\ishop\core\Router.php | Строка: 39
=================
[2017-08-22 08:52:48] Текст ошибки: Страница не найдена | Файл: D:\WebServer\domains\ishop2.loc\vendor\ishop\core\Router.php | Строка: 39
=================
[2017-08-22 08:52:48] Текст ошибки: Страница не найдена | Файл: D:\WebServer\domains\ishop2.loc\vendor\ishop\core\Router.php | Строка: 39
=================
[2017-08-22 08:52:48] Текст ошибки: Страница не найдена | Файл: D:\WebServer\domains\ishop2.loc\vendor\ishop\core\Router.php | Строка: 39
=================
[2017-08-22 08:52:48] Текст ошибки: Страница не найдена | Файл: D:\WebServer\domains\ishop2.loc\vendor\ishop\core\Router.php | Строка: 39
=================
[2017-08-22 08:52:48] Текст ошибки: Страница не найдена | Файл: D:\WebServer\domains\ishop2.loc\vendor\ishop\core\Router.php | Строка: 39
=================
[2017-08-22 08:52:48] Текст ошибки: Страница не найдена | Файл: D:\WebServer\domains\ishop2.loc\vendor\ishop\core\Router.php | Строка: 39
=================
[2017-08-22 08:52:48] Текст ошибки: Страница не найдена | Файл: D:\WebServer\domains\ishop2.loc\vendor\ishop\core\Router.php | Строка: 39
=================
[2017-08-22 08:52:48] Текст ошибки: Страница не найдена | Файл: D:\WebServer\domains\ishop2.loc\vendor\ishop\core\Router.php | Строка: 39
=================
[2017-08-22 08:52:48] Текст ошибки: Страница не найдена | Файл: D:\WebServer\domains\ishop2.loc\vendor\ishop\core\Router.php | Строка: 39
=================
[2017-08-22 08:52:48] Текст ошибки: Страница не найдена | Файл: D:\WebServer\domains\ishop2.loc\vendor\ishop\core\Router.php | Строка: 39
=================
[2017-08-22 08:52:48] Текст ошибки: Страница не найдена | Файл: D:\WebServer\domains\ishop2.loc\vendor\ishop\core\Router.php | Строка: 39
=================
[2017-08-22 08:52:48] Текст ошибки: Страница не найдена | Файл: D:\WebServer\domains\ishop2.loc\vendor\ishop\core\Router.php | Строка: 39
=================
[2017-08-22 08:52:48] Текст ошибки: Страница не найдена | Файл: D:\WebServer\domains\ishop2.loc\vendor\ishop\core\Router.php | Строка: 39
=================
[2017-08-22 08:52:48] Текст ошибки: Страница не найдена | Файл: D:\WebServer\domains\ishop2.loc\vendor\ishop\core\Router.php | Строка: 39
=================
[2017-08-22 08:52:48] Текст ошибки: Страница не найдена | Файл: D:\WebServer\domains\ishop2.loc\vendor\ishop\core\Router.php | Строка: 39
=================
[2017-08-22 08:52:48] Текст ошибки: Страница не найдена | Файл: D:\WebServer\domains\ishop2.loc\vendor\ishop\core\Router.php | Строка: 39
=================
[2017-08-22 08:52:48] Текст ошибки: Страница не найдена | Файл: D:\WebServer\domains\ishop2.loc\vendor\ishop\core\Router.php | Строка: 39
=================
[2017-08-22 08:52:48] Текст ошибки: Страница не найдена | Файл: D:\WebServer\domains\ishop2.loc\vendor\ishop\core\Router.php | Строка: 39
=================
[2017-08-22 08:52:48] Текст ошибки: Страница не найдена | Файл: D:\WebServer\domains\ishop2.loc\vendor\ishop\core\Router.php | Строка: 39
=================
[2017-08-22 08:52:48] Текст ошибки: Страница не найдена | Файл: D:\WebServer\domains\ishop2.loc\vendor\ishop\core\Router.php | Строка: 39
=================
[2017-08-22 08:52:48] Текст ошибки: Страница не найдена | Файл: D:\WebServer\domains\ishop2.loc\vendor\ishop\core\Router.php | Строка: 39
=================
[2017-08-22 08:52:48] Текст ошибки: Страница не найдена | Файл: D:\WebServer\domains\ishop2.loc\vendor\ishop\core\Router.php | Строка: 39
=================
[2017-08-22 08:52:48] Текст ошибки: Страница не найдена | Файл: D:\WebServer\domains\ishop2.loc\vendor\ishop\core\Router.php | Строка: 39
=================
[2017-08-22 08:52:48] Текст ошибки: Страница не найдена | Файл: D:\WebServer\domains\ishop2.loc\vendor\ishop\core\Router.php | Строка: 39
=================
[2017-08-22 08:52:48] Текст ошибки: Страница не найдена | Файл: D:\WebServer\domains\ishop2.loc\vendor\ishop\core\Router.php | Строка: 39
=================
[2017-08-22 08:52:48] Текст ошибки: Страница не найдена | Файл: D:\WebServer\domains\ishop2.loc\vendor\ishop\core\Router.php | Строка: 39
=================
[2017-08-22 08:52:48] Текст ошибки: Страница не найдена | Файл: D:\WebServer\domains\ishop2.loc\vendor\ishop\core\Router.php | Строка: 39
=================
[2017-08-22 08:52:48] Текст ошибки: Страница не найдена | Файл: D:\WebServer\domains\ishop2.loc\vendor\ishop\core\Router.php | Строка: 39
=================
[2017-08-22 08:52:48] Текст ошибки: Страница не найдена | Файл: D:\WebServer\domains\ishop2.loc\vendor\ishop\core\Router.php | Строка: 39
=================
[2017-08-22 08:52:48] Текст ошибки: Страница не найдена | Файл: D:\WebServer\domains\ishop2.loc\vendor\ishop\core\Router.php | Строка: 39
=================
[2017-08-22 08:52:48] Текст ошибки: Страница не найдена | Файл: D:\WebServer\domains\ishop2.loc\vendor\ishop\core\Router.php | Строка: 39
=================
[2017-08-22 08:52:48] Текст ошибки: Страница не найдена | Файл: D:\WebServer\domains\ishop2.loc\vendor\ishop\core\Router.php | Строка: 39
=================
[2017-08-22 08:52:48] Текст ошибки: Страница не найдена | Файл: D:\WebServer\domains\ishop2.loc\vendor\ishop\core\Router.php | Строка: 39
=================
[2017-08-22 08:52:48] Текст ошибки: Страница не найдена | Файл: D:\WebServer\domains\ishop2.loc\vendor\ishop\core\Router.php | Строка: 39
=================
[2017-08-22 08:52:48] Текст ошибки: Страница не найдена | Файл: D:\WebServer\domains\ishop2.loc\vendor\ishop\core\Router.php | Строка: 39
=================
[2017-08-22 08:52:48] Текст ошибки: Страница не найдена | Файл: D:\WebServer\domains\ishop2.loc\vendor\ishop\core\Router.php | Строка: 39
=================
[2017-08-22 08:53:07] Текст ошибки: Страница не найдена | Файл: D:\WebServer\domains\ishop2.loc\vendor\ishop\core\Router.php | Строка: 39
=================
[2017-08-22 08:53:07] Текст ошибки: Страница не найдена | Файл: D:\WebServer\domains\ishop2.loc\vendor\ishop\core\Router.php | Строка: 39
=================
[2017-08-22 08:53:07] Текст ошибки: Страница не найдена | Файл: D:\WebServer\domains\ishop2.loc\vendor\ishop\core\Router.php | Строка: 39
=================
[2017-08-22 08:53:07] Текст ошибки: Страница не найдена | Файл: D:\WebServer\domains\ishop2.loc\vendor\ishop\core\Router.php | Строка: 39
=================
[2017-08-22 08:53:07] Текст ошибки: Страница не найдена | Файл: D:\WebServer\domains\ishop2.loc\vendor\ishop\core\Router.php | Строка: 39
=================
[2017-08-22 08:53:07] Текст ошибки: Страница не найдена | Файл: D:\WebServer\domains\ishop2.loc\vendor\ishop\core\Router.php | Строка: 39
=================
[2017-08-22 08:53:07] Текст ошибки: Страница не найдена | Файл: D:\WebServer\domains\ishop2.loc\vendor\ishop\core\Router.php | Строка: 39
=================
[2017-08-22 08:53:07] Текст ошибки: Страница не найдена | Файл: D:\WebServer\domains\ishop2.loc\vendor\ishop\core\Router.php | Строка: 39
=================
[2017-08-22 08:53:07] Текст ошибки: Страница не найдена | Файл: D:\WebServer\domains\ishop2.loc\vendor\ishop\core\Router.php | Строка: 39
=================
[2017-08-22 08:53:07] Текст ошибки: Страница не найдена | Файл: D:\WebServer\domains\ishop2.loc\vendor\ishop\core\Router.php | Строка: 39
=================
[2017-08-22 08:53:07] Текст ошибки: Страница не найдена | Файл: D:\WebServer\domains\ishop2.loc\vendor\ishop\core\Router.php | Строка: 39
=================
[2017-08-22 08:53:07] Текст ошибки: Страница не найдена | Файл: D:\WebServer\domains\ishop2.loc\vendor\ishop\core\Router.php | Строка: 39
=================
[2017-08-22 08:53:07] Текст ошибки: Страница не найдена | Файл: D:\WebServer\domains\ishop2.loc\vendor\ishop\core\Router.php | Строка: 39
=================
[2017-08-22 08:53:07] Текст ошибки: Страница не найдена | Файл: D:\WebServer\domains\ishop2.loc\vendor\ishop\core\Router.php | Строка: 39
=================
[2017-08-22 08:53:07] Текст ошибки: Страница не найдена | Файл: D:\WebServer\domains\ishop2.loc\vendor\ishop\core\Router.php | Строка: 39
=================
[2017-08-22 08:53:07] Текст ошибки: Страница не найдена | Файл: D:\WebServer\domains\ishop2.loc\vendor\ishop\core\Router.php | Строка: 39
=================
[2017-08-22 08:53:07] Текст ошибки: Страница не найдена | Файл: D:\WebServer\domains\ishop2.loc\vendor\ishop\core\Router.php | Строка: 39
=================
[2017-08-22 08:53:07] Текст ошибки: Страница не найдена | Файл: D:\WebServer\domains\ishop2.loc\vendor\ishop\core\Router.php | Строка: 39
=================
[2017-08-22 08:53:07] Текст ошибки: Страница не найдена | Файл: D:\WebServer\domains\ishop2.loc\vendor\ishop\core\Router.php | Строка: 39
=================
[2017-08-22 08:53:07] Текст ошибки: Страница не найдена | Файл: D:\WebServer\domains\ishop2.loc\vendor\ishop\core\Router.php | Строка: 39
=================
[2017-08-22 08:53:07] Текст ошибки: Страница не найдена | Файл: D:\WebServer\domains\ishop2.loc\vendor\ishop\core\Router.php | Строка: 39
=================
[2017-08-22 08:53:07] Текст ошибки: Страница не найдена | Файл: D:\WebServer\domains\ishop2.loc\vendor\ishop\core\Router.php | Строка: 39
=================
[2017-08-22 08:53:07] Текст ошибки: Страница не найдена | Файл: D:\WebServer\domains\ishop2.loc\vendor\ishop\core\Router.php | Строка: 39
=================
[2017-08-22 08:53:07] Текст ошибки: Страница не найдена | Файл: D:\WebServer\domains\ishop2.loc\vendor\ishop\core\Router.php | Строка: 39
=================
[2017-08-22 08:53:07] Текст ошибки: Страница не найдена | Файл: D:\WebServer\domains\ishop2.loc\vendor\ishop\core\Router.php | Строка: 39
=================
[2017-08-22 08:53:07] Текст ошибки: Страница не найдена | Файл: D:\WebServer\domains\ishop2.loc\vendor\ishop\core\Router.php | Строка: 39
=================
[2017-08-22 08:53:07] Текст ошибки: Страница не найдена | Файл: D:\WebServer\domains\ishop2.loc\vendor\ishop\core\Router.php | Строка: 39
=================
[2017-08-22 08:53:07] Текст ошибки: Страница не найдена | Файл: D:\WebServer\domains\ishop2.loc\vendor\ishop\core\Router.php | Строка: 39
=================
[2017-08-22 08:53:07] Текст ошибки: Страница не найдена | Файл: D:\WebServer\domains\ishop2.loc\vendor\ishop\core\Router.php | Строка: 39
=================
[2017-08-22 08:53:07] Текст ошибки: Страница не найдена | Файл: D:\WebServer\domains\ishop2.loc\vendor\ishop\core\Router.php | Строка: 39
=================
[2017-08-22 08:53:07] Текст ошибки: Страница не найдена | Файл: D:\WebServer\domains\ishop2.loc\vendor\ishop\core\Router.php | Строка: 39
=================
[2017-08-22 08:53:07] Текст ошибки: Страница не найдена | Файл: D:\WebServer\domains\ishop2.loc\vendor\ishop\core\Router.php | Строка: 39
=================
[2017-08-22 08:53:07] Текст ошибки: Страница не найдена | Файл: D:\WebServer\domains\ishop2.loc\vendor\ishop\core\Router.php | Строка: 39
=================
[2017-08-22 08:53:07] Текст ошибки: Страница не найдена | Файл: D:\WebServer\domains\ishop2.loc\vendor\ishop\core\Router.php | Строка: 39
=================
[2017-08-22 08:53:07] Текст ошибки: Страница не найдена | Файл: D:\WebServer\domains\ishop2.loc\vendor\ishop\core\Router.php | Строка: 39
=================
[2017-08-22 08:53:07] Текст ошибки: Страница не найдена | Файл: D:\WebServer\domains\ishop2.loc\vendor\ishop\core\Router.php | Строка: 39
=================
[2017-08-22 08:53:07] Текст ошибки: Страница не найдена | Файл: D:\WebServer\domains\ishop2.loc\vendor\ishop\core\Router.php | Строка: 39
=================
[2017-08-22 08:53:07] Текст ошибки: Страница не найдена | Файл: D:\WebServer\domains\ishop2.loc\vendor\ishop\core\Router.php | Строка: 39
=================
[2017-08-22 08:53:07] Текст ошибки: Страница не найдена | Файл: D:\WebServer\domains\ishop2.loc\vendor\ishop\core\Router.php | Строка: 39
=================
[2017-08-22 08:53:07] Текст ошибки: Страница не найдена | Файл: D:\WebServer\domains\ishop2.loc\vendor\ishop\core\Router.php | Строка: 39
=================
[2017-08-22 08:53:07] Текст ошибки: Страница не найдена | Файл: D:\WebServer\domains\ishop2.loc\vendor\ishop\core\Router.php | Строка: 39
=================
[2017-08-22 08:53:07] Текст ошибки: Страница не найдена | Файл: D:\WebServer\domains\ishop2.loc\vendor\ishop\core\Router.php | Строка: 39
=================
[2017-08-22 08:53:07] Текст ошибки: Страница не найдена | Файл: D:\WebServer\domains\ishop2.loc\vendor\ishop\core\Router.php | Строка: 39
=================
[2017-08-22 08:53:07] Текст ошибки: Страница не найдена | Файл: D:\WebServer\domains\ishop2.loc\vendor\ishop\core\Router.php | Строка: 39
=================
[2017-08-22 08:53:26] Текст ошибки: Страница не найдена | Файл: D:\WebServer\domains\ishop2.loc\vendor\ishop\core\Router.php | Строка: 39
=================
[2017-08-22 08:53:26] Текст ошибки: Страница не найдена | Файл: D:\WebServer\domains\ishop2.loc\vendor\ishop\core\Router.php | Строка: 39
=================
[2017-08-22 08:53:26] Текст ошибки: Страница не найдена | Файл: D:\WebServer\domains\ishop2.loc\vendor\ishop\core\Router.php | Строка: 39
=================
[2017-08-22 08:53:26] Текст ошибки: Страница не найдена | Файл: D:\WebServer\domains\ishop2.loc\vendor\ishop\core\Router.php | Строка: 39
=================
[2017-08-22 08:53:26] Текст ошибки: Страница не найдена | Файл: D:\WebServer\domains\ishop2.loc\vendor\ishop\core\Router.php | Строка: 39
=================
[2017-08-22 08:53:26] Текст ошибки: Страница не найдена | Файл: D:\WebServer\domains\ishop2.loc\vendor\ishop\core\Router.php | Строка: 39
=================
[2017-08-22 08:53:26] Текст ошибки: Страница не найдена | Файл: D:\WebServer\domains\ishop2.loc\vendor\ishop\core\Router.php | Строка: 39
=================
[2017-08-22 08:53:26] Текст ошибки: Страница не найдена | Файл: D:\WebServer\domains\ishop2.loc\vendor\ishop\core\Router.php | Строка: 39
=================
[2017-08-22 08:53:26] Текст ошибки: Страница не найдена | Файл: D:\WebServer\domains\ishop2.loc\vendor\ishop\core\Router.php | Строка: 39
=================
[2017-08-22 08:53:26] Текст ошибки: Страница не найдена | Файл: D:\WebServer\domains\ishop2.loc\vendor\ishop\core\Router.php | Строка: 39
=================
[2017-08-22 08:53:26] Текст ошибки: Страница не найдена | Файл: D:\WebServer\domains\ishop2.loc\vendor\ishop\core\Router.php | Строка: 39
=================
[2017-08-22 08:53:26] Текст ошибки: Страница не найдена | Файл: D:\WebServer\domains\ishop2.loc\vendor\ishop\core\Router.php | Строка: 39
=================
[2017-08-22 08:53:26] Текст ошибки: Страница не найдена | Файл: D:\WebServer\domains\ishop2.loc\vendor\ishop\core\Router.php | Строка: 39
=================
[2017-08-22 08:53:26] Текст ошибки: Страница не найдена | Файл: D:\WebServer\domains\ishop2.loc\vendor\ishop\core\Router.php | Строка: 39
=================
[2017-08-22 08:53:26] Текст ошибки: Страница не найдена | Файл: D:\WebServer\domains\ishop2.loc\vendor\ishop\core\Router.php | Строка: 39
=================
[2017-08-22 08:53:26] Текст ошибки: Страница не найдена | Файл: D:\WebServer\domains\ishop2.loc\vendor\ishop\core\Router.php | Строка: 39
=================
[2017-08-22 08:53:26] Текст ошибки: Страница не найдена | Файл: D:\WebServer\domains\ishop2.loc\vendor\ishop\core\Router.php | Строка: 39
=================
[2017-08-22 08:53:26] Текст ошибки: Страница не найдена | Файл: D:\WebServer\domains\ishop2.loc\vendor\ishop\core\Router.php | Строка: 39
=================
[2017-08-22 08:53:26] Текст ошибки: Страница не найдена | Файл: D:\WebServer\domains\ishop2.loc\vendor\ishop\core\Router.php | Строка: 39
=================
[2017-08-22 08:53:26] Текст ошибки: Страница не найдена | Файл: D:\WebServer\domains\ishop2.loc\vendor\ishop\core\Router.php | Строка: 39
=================
[2017-08-22 08:53:26] Текст ошибки: Страница не найдена | Файл: D:\WebServer\domains\ishop2.loc\vendor\ishop\core\Router.php | Строка: 39
=================
[2017-08-22 08:53:26] Текст ошибки: Страница не найдена | Файл: D:\WebServer\domains\ishop2.loc\vendor\ishop\core\Router.php | Строка: 39
=================
[2017-08-22 08:53:26] Текст ошибки: Страница не найдена | Файл: D:\WebServer\domains\ishop2.loc\vendor\ishop\core\Router.php | Строка: 39
=================
[2017-08-22 08:53:26] Текст ошибки: Страница не найдена | Файл: D:\WebServer\domains\ishop2.loc\vendor\ishop\core\Router.php | Строка: 39
=================
[2017-08-22 08:53:26] Текст ошибки: Страница не найдена | Файл: D:\WebServer\domains\ishop2.loc\vendor\ishop\core\Router.php | Строка: 39
=================
[2017-08-22 08:53:26] Текст ошибки: Страница не найдена | Файл: D:\WebServer\domains\ishop2.loc\vendor\ishop\core\Router.php | Строка: 39
=================
[2017-08-22 08:53:26] Текст ошибки: Страница не найдена | Файл: D:\WebServer\domains\ishop2.loc\vendor\ishop\core\Router.php | Строка: 39
=================
[2017-08-22 08:53:26] Текст ошибки: Страница не найдена | Файл: D:\WebServer\domains\ishop2.loc\vendor\ishop\core\Router.php | Строка: 39
=================
[2017-08-22 08:53:26] Текст ошибки: Страница не найдена | Файл: D:\WebServer\domains\ishop2.loc\vendor\ishop\core\Router.php | Строка: 39
=================
[2017-08-22 08:53:26] Текст ошибки: Страница не найдена | Файл: D:\WebServer\domains\ishop2.loc\vendor\ishop\core\Router.php | Строка: 39
=================
[2017-08-22 08:53:26] Текст ошибки: Страница не найдена | Файл: D:\WebServer\domains\ishop2.loc\vendor\ishop\core\Router.php | Строка: 39
=================
[2017-08-22 08:53:26] Текст ошибки: Страница не найдена | Файл: D:\WebServer\domains\ishop2.loc\vendor\ishop\core\Router.php | Строка: 39
=================
[2017-08-22 08:53:26] Текст ошибки: Страница не найдена | Файл: D:\WebServer\domains\ishop2.loc\vendor\ishop\core\Router.php | Строка: 39
=================
[2017-08-22 08:53:26] Текст ошибки: Страница не найдена | Файл: D:\WebServer\domains\ishop2.loc\vendor\ishop\core\Router.php | Строка: 39
=================
[2017-08-22 08:53:26] Текст ошибки: Страница не найдена | Файл: D:\WebServer\domains\ishop2.loc\vendor\ishop\core\Router.php | Строка: 39
=================
[2017-08-22 08:53:26] Текст ошибки: Страница не найдена | Файл: D:\WebServer\domains\ishop2.loc\vendor\ishop\core\Router.php | Строка: 39
=================
[2017-08-22 08:53:26] Текст ошибки: Страница не найдена | Файл: D:\WebServer\domains\ishop2.loc\vendor\ishop\core\Router.php | Строка: 39
=================
[2017-08-22 08:53:26] Текст ошибки: Страница не найдена | Файл: D:\WebServer\domains\ishop2.loc\vendor\ishop\core\Router.php | Строка: 39
=================
[2017-08-22 08:53:26] Текст ошибки: Страница не найдена | Файл: D:\WebServer\domains\ishop2.loc\vendor\ishop\core\Router.php | Строка: 39
=================
[2017-08-22 08:53:26] Текст ошибки: Страница не найдена | Файл: D:\WebServer\domains\ishop2.loc\vendor\ishop\core\Router.php | Строка: 39
=================
[2017-08-22 08:53:26] Текст ошибки: Страница не найдена | Файл: D:\WebServer\domains\ishop2.loc\vendor\ishop\core\Router.php | Строка: 39
=================
[2017-08-22 08:53:26] Текст ошибки: Страница не найдена | Файл: D:\WebServer\domains\ishop2.loc\vendor\ishop\core\Router.php | Строка: 39
=================
[2017-08-22 08:53:26] Текст ошибки: Страница не найдена | Файл: D:\WebServer\domains\ishop2.loc\vendor\ishop\core\Router.php | Строка: 39
=================
[2017-08-22 08:53:26] Текст ошибки: Страница не найдена | Файл: D:\WebServer\domains\ishop2.loc\vendor\ishop\core\Router.php | Строка: 39
=================
[2017-08-22 08:54:17] Текст ошибки: Страница не найдена | Файл: D:\WebServer\domains\ishop2.loc\vendor\ishop\core\Router.php | Строка: 39
=================
[2017-08-22 08:54:19] Текст ошибки: Страница не найдена | Файл: D:\WebServer\domains\ishop2.loc\vendor\ishop\core\Router.php | Строка: 39
=================
[2017-08-22 12:09:30] Текст ошибки: Страница не найдена | Файл: D:\WebServer\domains\ishop2.loc\vendor\ishop\core\Router.php | Строка: 39
=================
[2017-08-22 12:09:30] Текст ошибки: Страница не найдена | Файл: D:\WebServer\domains\ishop2.loc\vendor\ishop\core\Router.php | Строка: 39
=================
[2017-08-22 12:54:44] Текст ошибки: Страница не найдена | Файл: D:\WebServer\domains\ishop2.loc\vendor\ishop\core\Router.php | Строка: 39
=================
[2017-08-22 13:12:46] Текст ошибки: Контроллер app\controllers\CartController не найден | Файл: D:\WebServer\domains\ishop2.loc\vendor\ishop\core\Router.php | Строка: 36
=================
[2017-08-22 16:29:27] Текст ошибки: Страница не найдена | Файл: D:\WebServer\domains\ishop2.loc\vendor\ishop\core\Router.php | Строка: 39
=================
[2017-08-22 16:29:27] Текст ошибки: Страница не найдена | Файл: D:\WebServer\domains\ishop2.loc\vendor\ishop\core\Router.php | Строка: 39
=================
[2017-08-23 09:05:20] Текст ошибки: Страница не найдена | Файл: D:\WebServer\domains\ishop2.loc\vendor\ishop\core\Router.php | Строка: 39
=================
[2017-08-23 09:05:21] Текст ошибки: Страница не найдена | Файл: D:\WebServer\domains\ishop2.loc\vendor\ishop\core\Router.php | Строка: 39
=================
[2017-08-23 12:28:14] Текст ошибки: Страница не найдена | Файл: D:\WebServer\domains\ishop2.loc\vendor\ishop\core\Router.php | Строка: 39
=================
[2017-08-23 12:28:14] Текст ошибки: Страница не найдена | Файл: D:\WebServer\domains\ishop2.loc\vendor\ishop\core\Router.php | Строка: 39
=================
[2017-08-23 12:42:37] Текст ошибки: Страница не найдена | Файл: D:\WebServer\domains\ishop2.loc\vendor\ishop\core\Router.php | Строка: 39
=================
[2017-08-23 12:44:03] Текст ошибки: Страница не найдена | Файл: D:\WebServer\domains\ishop2.loc\vendor\ishop\core\Router.php | Строка: 39
=================
[2017-08-23 12:45:48] Текст ошибки: Контроллер app\controllers\ProductController не найден | Файл: D:\WebServer\domains\ishop2.loc\vendor\ishop\core\Router.php | Строка: 36
=================
[2017-08-23 12:47:17] Текст ошибки: Страница не найдена | Файл: D:\WebServer\domains\ishop2.loc\vendor\ishop\core\Router.php | Строка: 39
=================
[2017-08-23 12:47:17] Текст ошибки: Страница не найдена | Файл: D:\WebServer\domains\ishop2.loc\vendor\ishop\core\Router.php | Строка: 39
=================
[2017-08-23 12:47:17] Текст ошибки: Страница не найдена | Файл: D:\WebServer\domains\ishop2.loc\vendor\ishop\core\Router.php | Строка: 39
=================
[2017-08-23 12:47:17] Текст ошибки: Страница не найдена | Файл: D:\WebServer\domains\ishop2.loc\vendor\ishop\core\Router.php | Строка: 39
=================
[2017-08-23 12:47:17] Текст ошибки: Страница не найдена | Файл: D:\WebServer\domains\ishop2.loc\vendor\ishop\core\Router.php | Строка: 39
=================
[2017-08-23 12:47:17] Текст ошибки: Страница не найдена | Файл: D:\WebServer\domains\ishop2.loc\vendor\ishop\core\Router.php | Строка: 39
=================
[2017-08-23 12:47:17] Текст ошибки: Страница не найдена | Файл: D:\WebServer\domains\ishop2.loc\vendor\ishop\core\Router.php | Строка: 39
=================
[2017-08-23 12:47:17] Текст ошибки: Страница не найдена | Файл: D:\WebServer\domains\ishop2.loc\vendor\ishop\core\Router.php | Строка: 39
=================
[2017-08-23 12:47:17] Текст ошибки: Страница не найдена | Файл: D:\WebServer\domains\ishop2.loc\vendor\ishop\core\Router.php | Строка: 39
=================
[2017-08-23 12:47:17] Текст ошибки: Страница не найдена | Файл: D:\WebServer\domains\ishop2.loc\vendor\ishop\core\Router.php | Строка: 39
=================
[2017-08-23 12:47:17] Текст ошибки: Страница не найдена | Файл: D:\WebServer\domains\ishop2.loc\vendor\ishop\core\Router.php | Строка: 39
=================
[2017-08-23 12:47:17] Текст ошибки: Страница не найдена | Файл: D:\WebServer\domains\ishop2.loc\vendor\ishop\core\Router.php | Строка: 39
=================
[2017-08-23 12:47:17] Текст ошибки: Страница не найдена | Файл: D:\WebServer\domains\ishop2.loc\vendor\ishop\core\Router.php | Строка: 39
=================
[2017-08-23 12:47:17] Текст ошибки: Страница не найдена | Файл: D:\WebServer\domains\ishop2.loc\vendor\ishop\core\Router.php | Строка: 39
=================
[2017-08-23 12:47:17] Текст ошибки: Страница не найдена | Файл: D:\WebServer\domains\ishop2.loc\vendor\ishop\core\Router.php | Строка: 39
=================
[2017-08-23 12:47:17] Текст ошибки: Страница не найдена | Файл: D:\WebServer\domains\ishop2.loc\vendor\ishop\core\Router.php | Строка: 39
=================
[2017-08-23 12:47:36] Текст ошибки: Страница не найдена | Файл: D:\WebServer\domains\ishop2.loc\vendor\ishop\core\Router.php | Строка: 39
=================
[2017-08-23 12:47:36] Текст ошибки: Страница не найдена | Файл: D:\WebServer\domains\ishop2.loc\vendor\ishop\core\Router.php | Строка: 39
=================
[2017-08-23 12:47:36] Текст ошибки: Страница не найдена | Файл: D:\WebServer\domains\ishop2.loc\vendor\ishop\core\Router.php | Строка: 39
=================
[2017-08-23 12:47:36] Текст ошибки: Страница не найдена | Файл: D:\WebServer\domains\ishop2.loc\vendor\ishop\core\Router.php | Строка: 39
=================
[2017-08-23 12:47:36] Текст ошибки: Страница не найдена | Файл: D:\WebServer\domains\ishop2.loc\vendor\ishop\core\Router.php | Строка: 39
=================
[2017-08-23 12:47:36] Текст ошибки: Страница не найдена | Файл: D:\WebServer\domains\ishop2.loc\vendor\ishop\core\Router.php | Строка: 39
=================
[2017-08-23 12:47:36] Текст ошибки: Страница не найдена | Файл: D:\WebServer\domains\ishop2.loc\vendor\ishop\core\Router.php | Строка: 39
=================
[2017-08-23 12:47:36] Текст ошибки: Страница не найдена | Файл: D:\WebServer\domains\ishop2.loc\vendor\ishop\core\Router.php | Строка: 39
=================
[2017-08-23 12:47:36] Текст ошибки: Страница не найдена | Файл: D:\WebServer\domains\ishop2.loc\vendor\ishop\core\Router.php | Строка: 39
=================
[2017-08-23 12:47:36] Текст ошибки: Страница не найдена | Файл: D:\WebServer\domains\ishop2.loc\vendor\ishop\core\Router.php | Строка: 39
=================
[2017-08-23 12:47:36] Текст ошибки: Страница не найдена | Файл: D:\WebServer\domains\ishop2.loc\vendor\ishop\core\Router.php | Строка: 39
=================
[2017-08-23 12:47:36] Текст ошибки: Страница не найдена | Файл: D:\WebServer\domains\ishop2.loc\vendor\ishop\core\Router.php | Строка: 39
=================
[2017-08-23 12:47:36] Текст ошибки: Страница не найдена | Файл: D:\WebServer\domains\ishop2.loc\vendor\ishop\core\Router.php | Строка: 39
=================
[2017-08-23 12:47:36] Текст ошибки: Страница не найдена | Файл: D:\WebServer\domains\ishop2.loc\vendor\ishop\core\Router.php | Строка: 39
=================
[2017-08-23 12:47:36] Текст ошибки: Страница не найдена | Файл: D:\WebServer\domains\ishop2.loc\vendor\ishop\core\Router.php | Строка: 39
=================
[2017-08-23 12:47:36] Текст ошибки: Страница не найдена | Файл: D:\WebServer\domains\ishop2.loc\vendor\ishop\core\Router.php | Строка: 39
=================
[2017-08-23 12:48:04] Текст ошибки: Страница не найдена | Файл: D:\WebServer\domains\ishop2.loc\vendor\ishop\core\Router.php | Строка: 39
=================
[2017-08-23 12:48:04] Текст ошибки: Страница не найдена | Файл: D:\WebServer\domains\ishop2.loc\vendor\ishop\core\Router.php | Строка: 39
=================
[2017-08-23 12:48:04] Текст ошибки: Страница не найдена | Файл: D:\WebServer\domains\ishop2.loc\vendor\ishop\core\Router.php | Строка: 39
=================
[2017-08-23 12:48:04] Текст ошибки: Страница не найдена | Файл: D:\WebServer\domains\ishop2.loc\vendor\ishop\core\Router.php | Строка: 39
=================
[2017-08-23 12:48:04] Текст ошибки: Страница не найдена | Файл: D:\WebServer\domains\ishop2.loc\vendor\ishop\core\Router.php | Строка: 39
=================
[2017-08-23 12:48:04] Текст ошибки: Страница не найдена | Файл: D:\WebServer\domains\ishop2.loc\vendor\ishop\core\Router.php | Строка: 39
=================
[2017-08-23 12:48:04] Текст ошибки: Страница не найдена | Файл: D:\WebServer\domains\ishop2.loc\vendor\ishop\core\Router.php | Строка: 39
=================
[2017-08-23 12:48:04] Текст ошибки: Страница не найдена | Файл: D:\WebServer\domains\ishop2.loc\vendor\ishop\core\Router.php | Строка: 39
=================
[2017-08-23 12:48:04] Текст ошибки: Страница не найдена | Файл: D:\WebServer\domains\ishop2.loc\vendor\ishop\core\Router.php | Строка: 39
=================
[2017-08-23 12:48:04] Текст ошибки: Страница не найдена | Файл: D:\WebServer\domains\ishop2.loc\vendor\ishop\core\Router.php | Строка: 39
=================
[2017-08-23 12:48:05] Текст ошибки: Страница не найдена | Файл: D:\WebServer\domains\ishop2.loc\vendor\ishop\core\Router.php | Строка: 39
=================
[2017-08-23 12:48:05] Текст ошибки: Страница не найдена | Файл: D:\WebServer\domains\ishop2.loc\vendor\ishop\core\Router.php | Строка: 39
=================
[2017-08-23 12:48:05] Текст ошибки: Страница не найдена | Файл: D:\WebServer\domains\ishop2.loc\vendor\ishop\core\Router.php | Строка: 39
=================
[2017-08-23 12:48:05] Текст ошибки: Страница не найдена | Файл: D:\WebServer\domains\ishop2.loc\vendor\ishop\core\Router.php | Строка: 39
=================
[2017-08-23 12:48:05] Текст ошибки: Страница не найдена | Файл: D:\WebServer\domains\ishop2.loc\vendor\ishop\core\Router.php | Строка: 39
=================
[2017-08-23 12:48:12] Текст ошибки: Страница не найдена | Файл: D:\WebServer\domains\ishop2.loc\vendor\ishop\core\Router.php | Строка: 39
=================
[2017-08-23 12:48:12] Текст ошибки: Страница не найдена | Файл: D:\WebServer\domains\ishop2.loc\vendor\ishop\core\Router.php | Строка: 39
=================
[2017-08-23 12:48:12] Текст ошибки: Страница не найдена | Файл: D:\WebServer\domains\ishop2.loc\vendor\ishop\core\Router.php | Строка: 39
=================
[2017-08-23 12:48:12] Текст ошибки: Страница не найдена | Файл: D:\WebServer\domains\ishop2.loc\vendor\ishop\core\Router.php | Строка: 39
=================
[2017-08-23 12:48:12] Текст ошибки: Страница не найдена | Файл: D:\WebServer\domains\ishop2.loc\vendor\ishop\core\Router.php | Строка: 39
=================
[2017-08-23 12:48:12] Текст ошибки: Страница не найдена | Файл: D:\WebServer\domains\ishop2.loc\vendor\ishop\core\Router.php | Строка: 39
=================
[2017-08-23 12:48:12] Текст ошибки: Страница не найдена | Файл: D:\WebServer\domains\ishop2.loc\vendor\ishop\core\Router.php | Строка: 39
=================
[2017-08-23 12:48:12] Текст ошибки: Страница не найдена | Файл: D:\WebServer\domains\ishop2.loc\vendor\ishop\core\Router.php | Строка: 39
=================
[2017-08-23 12:48:12] Текст ошибки: Страница не найдена | Файл: D:\WebServer\domains\ishop2.loc\vendor\ishop\core\Router.php | Строка: 39
=================
[2017-08-23 12:48:12] Текст ошибки: Страница не найдена | Файл: D:\WebServer\domains\ishop2.loc\vendor\ishop\core\Router.php | Строка: 39
=================
[2017-08-23 12:48:12] Текст ошибки: Страница не найдена | Файл: D:\WebServer\domains\ishop2.loc\vendor\ishop\core\Router.php | Строка: 39
=================
[2017-08-23 12:48:12] Текст ошибки: Страница не найдена | Файл: D:\WebServer\domains\ishop2.loc\vendor\ishop\core\Router.php | Строка: 39
=================
[2017-08-23 12:48:12] Текст ошибки: Страница не найдена | Файл: D:\WebServer\domains\ishop2.loc\vendor\ishop\core\Router.php | Строка: 39
=================
[2017-08-23 12:48:12] Текст ошибки: Страница не найдена | Файл: D:\WebServer\domains\ishop2.loc\vendor\ishop\core\Router.php | Строка: 39
=================
[2017-08-23 12:48:12] Текст ошибки: Страница не найдена | Файл: D:\WebServer\domains\ishop2.loc\vendor\ishop\core\Router.php | Строка: 39
=================
[2017-08-23 12:48:12] Текст ошибки: Страница не найдена | Файл: D:\WebServer\domains\ishop2.loc\vendor\ishop\core\Router.php | Строка: 39
=================
[2017-08-23 12:48:47] Текст ошибки: Страница не найдена | Файл: D:\WebServer\domains\ishop2.loc\vendor\ishop\core\Router.php | Строка: 39
=================
[2017-08-23 12:54:04] Текст ошибки: Страница не найдена | Файл: D:\WebServer\domains\ishop2.loc\app\controllers\ProductController.php | Строка: 11
=================
[2017-08-23 16:15:37] Текст ошибки: Страница не найдена | Файл: D:\WebServer\domains\ishop2.loc\vendor\ishop\core\Router.php | Строка: 39
=================
[2017-08-23 16:15:37] Текст ошибки: Страница не найдена | Файл: D:\WebServer\domains\ishop2.loc\vendor\ishop\core\Router.php | Строка: 39
=================
[2017-08-23 16:21:55] Текст ошибки: SQLSTATE[42S02]: Base table or view not found: 1146 Table 'ishop2.realted_product' doesn't exist | Файл: D:\WebServer\domains\ishop2.loc\vendor\gabordemooij\redbean\RedBeanPHP\Driver\RPDO.php | Строка: 186
=================
[2017-08-23 16:23:04] Текст ошибки: Контроллер app\controllers\CartController не найден | Файл: D:\WebServer\domains\ishop2.loc\vendor\ishop\core\Router.php | Строка: 36
=================
[2017-08-24 11:32:20] Текст ошибки: Страница не найдена | Файл: D:\WebServer\domains\ishop2.loc\vendor\ishop\core\Router.php | Строка: 39
=================
[2017-08-24 11:32:20] Текст ошибки: Страница не найдена | Файл: D:\WebServer\domains\ishop2.loc\vendor\ishop\core\Router.php | Строка: 39
=================
[2017-08-26 12:17:37] Текст ошибки: Страница не найдена | Файл: D:\WebServer\domains\ishop2.loc\vendor\ishop\core\Router.php | Строка: 39
=================
[2017-08-26 12:17:38] Текст ошибки: Страница не найдена | Файл: D:\WebServer\domains\ishop2.loc\vendor\ishop\core\Router.php | Строка: 39
=================
[2017-08-26 12:39:18] Текст ошибки: На найден вид D:\WebServer\domains\ishop2.loc/app/views/Cart/add.php | Файл: D:\WebServer\domains\ishop2.loc\vendor\ishop\core\base\View.php | Строка: 38
=================
[2020-05-04 22:23:35] Текст ошибки: syntax error, unexpected '$price' (T_VARIABLE) | Файл: C:\OSPanel\domains\ishop2.loc\app\models\Cart.php | Строка: 23
=================
[2020-05-04 22:48:11] Текст ошибки: Страница не найдена | Файл: C:\OSPanel\domains\ishop2.loc\vendor\ishop\core\Router.php | Строка: 39
=================
[2020-05-05 19:49:25] Текст ошибки: Контроллер app\controllers\SearchController не найден | Файл: C:\OSPanel\domains\ishop2.loc\vendor\ishop\core\Router.php | Строка: 36
=================
[2020-05-05 20:12:15] Текст ошибки: Контроллер app\controllers\SearchController не найден | Файл: C:\OSPanel\domains\ishop2.loc\vendor\ishop\core\Router.php | Строка: 36
=================
[2020-05-05 20:13:52] Текст ошибки: syntax error, unexpected '}' | Файл: C:\OSPanel\domains\ishop2.loc\app\controllers\SearchController.php | Строка: 11
=================
[2020-05-05 20:13:54] Текст ошибки: syntax error, unexpected '}' | Файл: C:\OSPanel\domains\ishop2.loc\app\controllers\SearchController.php | Строка: 11
=================
[2020-05-05 20:18:36] Текст ошибки: Метод app\controllers\SearchController::indexAction не найден | Файл: C:\OSPanel\domains\ishop2.loc\vendor\ishop\core\Router.php | Строка: 33
=================
[2020-05-05 20:25:44] Текст ошибки: Метод app\controllers\SearchController::indexAction не найден | Файл: C:\OSPanel\domains\ishop2.loc\vendor\ishop\core\Router.php | Строка: 33
=================
[2020-05-05 20:26:26] Текст ошибки: Метод app\controllers\SearchController::indexAction не найден | Файл: C:\OSPanel\domains\ishop2.loc\vendor\ishop\core\Router.php | Строка: 33
=================
[2020-05-05 20:42:14] Текст ошибки: Call to undefined function h() | Файл: C:\OSPanel\domains\ishop2.loc\app\views\Search\index.php | Строка: 7
=================
[2020-05-05 22:14:23] Текст ошибки: На найден вид C:\OSPanel\domains\ishop2.loc/app/views/Category/view.php | Файл: C:\OSPanel\domains\ishop2.loc\vendor\ishop\core\base\View.php | Строка: 38
=================
[2020-05-05 22:15:02] Текст ошибки: На найден вид C:\OSPanel\domains\ishop2.loc/app/views/Category/view.php | Файл: C:\OSPanel\domains\ishop2.loc\vendor\ishop\core\base\View.php | Строка: 38
=================
[2020-05-05 22:17:33] Текст ошибки: Страница не найдена | Файл: C:\OSPanel\domains\ishop2.loc\app\controllers\CategoryController.php | Строка: 14
=================
[2020-05-05 22:42:46] Текст ошибки: SQLSTATE[42S02]: Base table or view not found: 1146 Table 'shop.products' doesn't exist | Файл: C:\OSPanel\domains\ishop2.loc\vendor\gabordemooij\redbean\RedBeanPHP\Driver\RPDO.php | Строка: 186
=================
[2020-05-05 22:43:35] Текст ошибки: На найден вид C:\OSPanel\domains\ishop2.loc/app/views/Category/view.php | Файл: C:\OSPanel\domains\ishop2.loc\vendor\ishop\core\base\View.php | Строка: 38
=================
[2020-05-06 19:08:48] Текст ошибки: Нет соединения с БД | Файл: C:\OSPanel\domains\ishop2.loc\vendor\ishop\core\Db.php | Строка: 14
=================
[2020-05-06 19:09:35] Текст ошибки: Too few arguments to function ishop\libs\Pagination::getCurrentPage(), 0 passed in C:\OSPanel\domains\ishop2.loc\vendor\ishop\core\libs\Pagination.php on line 30 and exactly 1 expected | Файл: C:\OSPanel\domains\ishop2.loc\vendor\ishop\core\libs\Pagination.php | Строка: 39
=================
[2020-05-06 23:11:58] Текст ошибки: Контроллер app\controllers\UserController не найден | Файл: C:\OSPanel\domains\ishop2.loc\vendor\ishop\core\Router.php | Строка: 36
=================
[2020-05-07 02:32:43] Текст ошибки: SQLSTATE[HY000]: General error: 1364 Field 'login' doesn't have a default value | Файл: C:\OSPanel\domains\ishop2.loc\vendor\gabordemooij\redbean\RedBeanPHP\Driver\RPDO.php | Строка: 194
=================
[2020-05-07 02:35:07] Текст ошибки: SQLSTATE[HY000]: General error: 1364 Field 'login' doesn't have a default value | Файл: C:\OSPanel\domains\ishop2.loc\vendor\gabordemooij\redbean\RedBeanPHP\Driver\RPDO.php | Строка: 194
=================
[2020-05-07 02:35:27] Текст ошибки: SQLSTATE[HY000]: General error: 1364 Field 'login' doesn't have a default value | Файл: C:\OSPanel\domains\ishop2.loc\vendor\gabordemooij\redbean\RedBeanPHP\Driver\RPDO.php | Строка: 194
=================
[2020-05-07 02:40:02] Текст ошибки: SQLSTATE[23000]: Integrity constraint violation: 1062 Duplicate entry '' for key 'login' | Файл: C:\OSPanel\domains\ishop2.loc\vendor\gabordemooij\redbean\RedBeanPHP\Driver\RPDO.php | Строка: 194
=================
[2020-05-10 12:43:09] Текст ошибки: Метод app\controllers\CartController::viewAction не найден | Файл: C:\OSPanel\domains\ishop2.loc\vendor\ishop\core\Router.php | Строка: 33
=================
[2020-05-10 14:41:28] Текст ошибки: SQLSTATE[42S22]: Column not found: 1054 Unknown column 'currensy' in 'field list' | Файл: C:\OSPanel\domains\ishop2.loc\vendor\gabordemooij\redbean\RedBeanPHP\Driver\RPDO.php | Строка: 194
=================
[2020-05-10 21:24:21] Текст ошибки: SQLSTATE[23000]: Integrity constraint violation: 1452 Cannot add or update a child row: a foreign key constraint fails (`shop`.`order_product`, CONSTRAINT `order_product_ibfk_1` FOREIGN KEY (`order_id`) REFERENCES `order` (`id`) ON DELETE CASCADE ON UPDATE CASCADE) | Файл: C:\OSPanel\domains\ishop2.loc\vendor\gabordemooij\redbean\RedBeanPHP\Driver\RPDO.php | Строка: 194
=================
[2020-05-10 21:24:52] Текст ошибки: SQLSTATE[23000]: Integrity constraint violation: 1452 Cannot add or update a child row: a foreign key constraint fails (`shop`.`order_product`, CONSTRAINT `order_product_ibfk_1` FOREIGN KEY (`order_id`) REFERENCES `order` (`id`) ON DELETE CASCADE ON UPDATE CASCADE) | Файл: C:\OSPanel\domains\ishop2.loc\vendor\gabordemooij\redbean\RedBeanPHP\Driver\RPDO.php | Строка: 194
=================
[2020-05-10 21:24:58] Текст ошибки: SQLSTATE[23000]: Integrity constraint violation: 1452 Cannot add or update a child row: a foreign key constraint fails (`shop`.`order_product`, CONSTRAINT `order_product_ibfk_1` FOREIGN KEY (`order_id`) REFERENCES `order` (`id`) ON DELETE CASCADE ON UPDATE CASCADE) | Файл: C:\OSPanel\domains\ishop2.loc\vendor\gabordemooij\redbean\RedBeanPHP\Driver\RPDO.php | Строка: 194
=================
[2020-05-10 21:28:02] Текст ошибки: SQLSTATE[42000]: Syntax error or access violation: 1064 You have an error in your SQL syntax; check the manual that corresponds to your MySQL server version for the right syntax to use near '0, order_id, product_id, qty, title, price) VALUES (10, 1, 1, 'Casio MRP-700-1AV' at line 1 | Файл: C:\OSPanel\domains\ishop2.loc\vendor\gabordemooij\redbean\RedBeanPHP\Driver\RPDO.php | Строка: 194
=================
[2020-05-10 21:29:43] Текст ошибки: SQLSTATE[42000]: Syntax error or access violation: 1064 You have an error in your SQL syntax; check the manual that corresponds to your MySQL server version for the right syntax to use near '0, (10, 1, 1, 'Casio MRP-700-1AVEF', 300),(10, 1, 2, 'Casio MRP-700-1AVEF(Red)',' at line 1 | Файл: C:\OSPanel\domains\ishop2.loc\vendor\gabordemooij\redbean\RedBeanPHP\Driver\RPDO.php | Строка: 194
=================
[2020-05-10 22:52:57] Текст ошибки: SQLSTATE[23000]: Integrity constraint violation: 1452 Cannot add or update a child row: a foreign key constraint fails (`shop`.`order_product`, CONSTRAINT `order_product_ibfk_1` FOREIGN KEY (`order_id`) REFERENCES `order` (`id`) ON DELETE CASCADE ON UPDATE CASCADE) | Файл: C:\OSPanel\domains\ishop2.loc\vendor\gabordemooij\redbean\RedBeanPHP\Driver\RPDO.php | Строка: 194
=================
[2020-05-10 22:54:40] Текст ошибки: SQLSTATE[23000]: Integrity constraint violation: 1452 Cannot add or update a child row: a foreign key constraint fails (`shop`.`order_product`, CONSTRAINT `order_product_ibfk_1` FOREIGN KEY (`order_id`) REFERENCES `order` (`id`) ON DELETE CASCADE ON UPDATE CASCADE) | Файл: C:\OSPanel\domains\ishop2.loc\vendor\gabordemooij\redbean\RedBeanPHP\Driver\RPDO.php | Строка: 194
=================
[2020-05-10 22:58:52] Текст ошибки: SQLSTATE[23000]: Integrity constraint violation: 1452 Cannot add or update a child row: a foreign key constraint fails (`shop`.`order_product`, CONSTRAINT `order_product_ibfk_1` FOREIGN KEY (`order_id`) REFERENCES `order` (`id`) ON DELETE CASCADE ON UPDATE CASCADE) | Файл: C:\OSPanel\domains\ishop2.loc\vendor\gabordemooij\redbean\RedBeanPHP\Driver\RPDO.php | Строка: 194
=================
[2020-05-10 23:00:02] Текст ошибки: Address in mailbox given [] does not comply with RFC 2822, 3.6.2. | Файл: C:\OSPanel\domains\ishop2.loc\vendor\swiftmailer\swiftmailer\lib\classes\Swift\Mime\Headers\MailboxHeader.php | Строка: 355
=================
[2020-05-10 23:12:27] Текст ошибки: Address in mailbox given [] does not comply with RFC 2822, 3.6.2. | Файл: C:\OSPanel\domains\ishop2.loc\vendor\swiftmailer\swiftmailer\lib\classes\Swift\Mime\Headers\MailboxHeader.php | Строка: 355
=================
[2020-05-10 23:12:33] Текст ошибки: Address in mailbox given [] does not comply with RFC 2822, 3.6.2. | Файл: C:\OSPanel\domains\ishop2.loc\vendor\swiftmailer\swiftmailer\lib\classes\Swift\Mime\Headers\MailboxHeader.php | Строка: 355
=================
[2020-05-10 23:14:33] Текст ошибки: Address in mailbox given [] does not comply with RFC 2822, 3.6.2. | Файл: C:\OSPanel\domains\ishop2.loc\vendor\swiftmailer\swiftmailer\lib\classes\Swift\Mime\Headers\MailboxHeader.php | Строка: 355
=================
[2020-05-10 23:14:37] Текст ошибки: Address in mailbox given [] does not comply with RFC 2822, 3.6.2. | Файл: C:\OSPanel\domains\ishop2.loc\vendor\swiftmailer\swiftmailer\lib\classes\Swift\Mime\Headers\MailboxHeader.php | Строка: 355
=================
[2020-05-10 23:25:16] Текст ошибки: Address in mailbox given [] does not comply with RFC 2822, 3.6.2. | Файл: C:\OSPanel\domains\ishop2.loc\vendor\swiftmailer\swiftmailer\lib\classes\Swift\Mime\Headers\MailboxHeader.php | Строка: 355
=================
[2020-05-10 23:25:24] Текст ошибки: Address in mailbox given [] does not comply with RFC 2822, 3.6.2. | Файл: C:\OSPanel\domains\ishop2.loc\vendor\swiftmailer\swiftmailer\lib\classes\Swift\Mime\Headers\MailboxHeader.php | Строка: 355
=================
[2020-05-10 23:26:34] Текст ошибки: Address in mailbox given [] does not comply with RFC 2822, 3.6.2. | Файл: C:\OSPanel\domains\ishop2.loc\vendor\swiftmailer\swiftmailer\lib\classes\Swift\Mime\Headers\MailboxHeader.php | Строка: 355
=================
[2020-05-10 23:26:38] Текст ошибки: Address in mailbox given [] does not comply with RFC 2822, 3.6.2. | Файл: C:\OSPanel\domains\ishop2.loc\vendor\swiftmailer\swiftmailer\lib\classes\Swift\Mime\Headers\MailboxHeader.php | Строка: 355
=================
[2020-05-10 23:28:28] Текст ошибки: Address in mailbox given [] does not comply with RFC 2822, 3.6.2. | Файл: C:\OSPanel\domains\ishop2.loc\vendor\swiftmailer\swiftmailer\lib\classes\Swift\Mime\Headers\MailboxHeader.php | Строка: 355
=================
[2020-05-10 23:30:30] Текст ошибки: Address in mailbox given [nice.maxus] does not comply with RFC 2822, 3.6.2. | Файл: C:\OSPanel\domains\ishop2.loc\vendor\swiftmailer\swiftmailer\lib\classes\Swift\Mime\Headers\MailboxHeader.php | Строка: 355
=================
[2020-05-10 23:30:58] Текст ошибки: Address in mailbox given [] does not comply with RFC 2822, 3.6.2. | Файл: C:\OSPanel\domains\ishop2.loc\vendor\swiftmailer\swiftmailer\lib\classes\Swift\Mime\Headers\MailboxHeader.php | Строка: 355
=================
[2020-05-10 23:31:10] Текст ошибки: Address in mailbox given [] does not comply with RFC 2822, 3.6.2. | Файл: C:\OSPanel\domains\ishop2.loc\vendor\swiftmailer\swiftmailer\lib\classes\Swift\Mime\Headers\MailboxHeader.php | Строка: 355
=================
[2020-05-10 23:31:25] Текст ошибки: Address in mailbox given [nice.maxus] does not comply with RFC 2822, 3.6.2. | Файл: C:\OSPanel\domains\ishop2.loc\vendor\swiftmailer\swiftmailer\lib\classes\Swift\Mime\Headers\MailboxHeader.php | Строка: 355
=================
[2020-05-10 23:31:44] Текст ошибки: Address in mailbox given [nice.maxus@] does not comply with RFC 2822, 3.6.2. | Файл: C:\OSPanel\domains\ishop2.loc\vendor\swiftmailer\swiftmailer\lib\classes\Swift\Mime\Headers\MailboxHeader.php | Строка: 355
=================
[2020-05-10 23:31:55] Текст ошибки: Address in mailbox given [] does not comply with RFC 2822, 3.6.2. | Файл: C:\OSPanel\domains\ishop2.loc\vendor\swiftmailer\swiftmailer\lib\classes\Swift\Mime\Headers\MailboxHeader.php | Строка: 355
=================
[2020-05-10 23:48:42] Текст ошибки: Failed to authenticate on SMTP server with username "testishop2@ukr.net" using 2 possible authenticators. Authenticator LOGIN returned Expected response code 334 but got code "503", with message "503 Authentication from 77.222.113.207 is not allowed: blacklisted
". Authenticator PLAIN returned Expected response code 235 but got code "503", with message "503 Authentication from 77.222.113.207 is not allowed: blacklisted
". | Файл: C:\OSPanel\domains\ishop2.loc\vendor\swiftmailer\swiftmailer\lib\classes\Swift\Transport\Esmtp\AuthHandler.php | Строка: 191
=================
[2020-05-10 23:56:47] Текст ошибки: Address in mailbox given [testshopmail] does not comply with RFC 2822, 3.6.2. | Файл: C:\OSPanel\domains\ishop2.loc\vendor\swiftmailer\swiftmailer\lib\classes\Swift\Mime\Headers\MailboxHeader.php | Строка: 355
=================
[2020-06-03 19:04:59] Текст ошибки: Class 'R' not found | Файл: C:\OSPanel\domains\ishop2.loc\app\views\layouts\watches.php | Строка: 290
=================
[2020-06-03 21:40:08] Текст ошибки: Class 'R' not found | Файл: C:\OSPanel\domains\ishop2.loc\app\views\layouts\admin.php | Строка: 593
=================
[2020-06-03 21:40:16] Текст ошибки: Class 'R' not found | Файл: C:\OSPanel\domains\ishop2.loc\app\views\layouts\admin.php | Строка: 593
=================
[2020-06-03 21:41:08] Текст ошибки: Class 'R' not found | Файл: C:\OSPanel\domains\ishop2.loc\app\views\layouts\admin.php | Строка: 593
=================
[2020-06-04 08:59:43] Текст ошибки: SQLSTATE[42S02]: Base table or view not found: 1146 Table 'shop.products' doesn't exist | Файл: C:\OSPanel\domains\ishop2.loc\vendor\gabordemooij\redbean\RedBeanPHP\Driver\RPDO.php | Строка: 194
=================
[2020-06-04 09:28:23] Текст ошибки: Контроллер app\controllers\admin\OrdersController не найден | Файл: C:\OSPanel\domains\ishop2.loc\vendor\ishop\core\Router.php | Строка: 36
=================
[2020-06-09 15:46:27] Текст ошибки: Контроллер app\controllers\admin\OrdersController не найден | Файл: C:\OSPanel\domains\ishop2.loc\vendor\ishop\core\Router.php | Строка: 36
=================
[2020-06-09 16:09:19] Текст ошибки: Метод app\controllers\admin\OrderController::viewAction не найден | Файл: C:\OSPanel\domains\ishop2.loc\vendor\ishop\core\Router.php | Строка: 33
=================
[2020-06-09 16:29:59] Текст ошибки: SQLSTATE[42S22]: Column not found: 1054 Unknown column 'order' in 'field list' | Файл: C:\OSPanel\domains\ishop2.loc\vendor\gabordemooij\redbean\RedBeanPHP\Driver\RPDO.php | Строка: 194
=================
[2020-06-09 17:37:43] Текст ошибки: SQLSTATE[42000]: Syntax error or access violation: 1064 You have an error in your SQL syntax; check the manual that corresponds to your MySQL server version for the right syntax to use near '' at line 1 | Файл: C:\OSPanel\domains\ishop2.loc\vendor\gabordemooij\redbean\RedBeanPHP\Driver\RPDO.php | Строка: 194
=================
[2020-06-09 17:39:28] Текст ошибки: SQLSTATE[42000]: Syntax error or access violation: 1064 You have an error in your SQL syntax; check the manual that corresponds to your MySQL server version for the right syntax to use near '' at line 1 | Файл: C:\OSPanel\domains\ishop2.loc\vendor\gabordemooij\redbean\RedBeanPHP\Driver\RPDO.php | Строка: 194
=================
[2020-06-09 20:13:18] Текст ошибки: Метод app\controllers\admin\OrderController::viewAction не найден | Файл: C:\OSPanel\domains\ishop2.loc\vendor\ishop\core\Router.php | Строка: 33
=================
[2020-06-09 20:25:25] Текст ошибки: страница не найдена | Файл: C:\OSPanel\domains\ishop2.loc\app\controllers\admin\AppController.php | Строка: 34
=================
[2020-06-09 20:25:29] Текст ошибки: страница не найдена | Файл: C:\OSPanel\domains\ishop2.loc\app\controllers\admin\AppController.php | Строка: 34
=================
[2020-06-09 20:25:33] Текст ошибки: страница не найдена | Файл: C:\OSPanel\domains\ishop2.loc\app\controllers\admin\AppController.php | Строка: 34
=================
[2020-06-10 10:48:55] Текст ошибки: SQLSTATE[HY093]: Invalid parameter number: no parameters were bound | Файл: C:\OSPanel\domains\ishop2.loc\vendor\gabordemooij\redbean\RedBeanPHP\Driver\RPDO.php | Строка: 194
=================
[2020-06-10 10:51:07] Текст ошибки: SQLSTATE[HY093]: Invalid parameter number: no parameters were bound | Файл: C:\OSPanel\domains\ishop2.loc\vendor\gabordemooij\redbean\RedBeanPHP\Driver\RPDO.php | Строка: 194
=================
[2020-06-10 10:51:11] Текст ошибки: SQLSTATE[HY093]: Invalid parameter number: no parameters were bound | Файл: C:\OSPanel\domains\ishop2.loc\vendor\gabordemooij\redbean\RedBeanPHP\Driver\RPDO.php | Строка: 194
=================
[2020-06-10 10:51:42] Текст ошибки: SQLSTATE[HY093]: Invalid parameter number: no parameters were bound | Файл: C:\OSPanel\domains\ishop2.loc\vendor\gabordemooij\redbean\RedBeanPHP\Driver\RPDO.php | Строка: 194
=================
[2020-06-10 10:51:48] Текст ошибки: SQLSTATE[HY093]: Invalid parameter number: no parameters were bound | Файл: C:\OSPanel\domains\ishop2.loc\vendor\gabordemooij\redbean\RedBeanPHP\Driver\RPDO.php | Строка: 194
=================
[2020-06-10 10:52:43] Текст ошибки: SQLSTATE[HY093]: Invalid parameter number: no parameters were bound | Файл: C:\OSPanel\domains\ishop2.loc\vendor\gabordemooij\redbean\RedBeanPHP\Driver\RPDO.php | Строка: 194
=================
[2020-06-12 20:52:09] Текст ошибки: Страница не найдена | Файл: C:\OSPanel\domains\ishop2.loc\vendor\ishop\core\Router.php | Строка: 39
=================
[2020-06-12 21:02:57] Текст ошибки: Метод app\controllers\admin\UserController::editAction не найден | Файл: C:\OSPanel\domains\ishop2.loc\vendor\ishop\core\Router.php | Строка: 33
=================
[2020-06-12 21:13:52] Текст ошибки: Метод app\controllers\admin\OrderController::deleteAction не найден | Файл: C:\OSPanel\domains\ishop2.loc\vendor\ishop\core\Router.php | Строка: 33
=================
[2020-06-12 21:22:43] Текст ошибки: Метод app\controllers\admin\OrderController::deleteAction не найден | Файл: C:\OSPanel\domains\ishop2.loc\vendor\ishop\core\Router.php | Строка: 33
=================
[2020-06-12 21:24:13] Текст ошибки: Метод app\controllers\admin\OrderController::deleteAction не найден | Файл: C:\OSPanel\domains\ishop2.loc\vendor\ishop\core\Router.php | Строка: 33
=================
[2020-06-12 21:43:17] Текст ошибки: SQLSTATE[01000]: Warning: 1265 Data truncated for column 'status' at row 1 | Файл: C:\OSPanel\domains\ishop2.loc\vendor\gabordemooij\redbean\RedBeanPHP\Driver\RPDO.php | Строка: 194
=================
[2020-06-12 22:02:18] Текст ошибки: SQLSTATE[01000]: Warning: 1265 Data truncated for column 'status' at row 1 | Файл: C:\OSPanel\domains\ishop2.loc\vendor\gabordemooij\redbean\RedBeanPHP\Driver\RPDO.php | Строка: 194
=================
[2020-06-12 22:03:49] Текст ошибки: SQLSTATE[01000]: Warning: 1265 Data truncated for column 'status' at row 1 | Файл: C:\OSPanel\domains\ishop2.loc\vendor\gabordemooij\redbean\RedBeanPHP\Driver\RPDO.php | Строка: 194
=================
[2020-06-12 22:13:14] Текст ошибки: SQLSTATE[01000]: Warning: 1265 Data truncated for column 'status' at row 1 | Файл: C:\OSPanel\domains\ishop2.loc\vendor\gabordemooij\redbean\RedBeanPHP\Driver\RPDO.php | Строка: 194
=================
[2020-06-12 22:17:01] Текст ошибки: SQLSTATE[01000]: Warning: 1265 Data truncated for column 'status' at row 1 | Файл: C:\OSPanel\domains\ishop2.loc\vendor\gabordemooij\redbean\RedBeanPHP\Driver\RPDO.php | Строка: 194
=================
[2020-06-13 09:33:23] Текст ошибки: SQLSTATE[01000]: Warning: 1265 Data truncated for column 'status' at row 1 | Файл: C:\OSPanel\domains\ishop2.loc\vendor\gabordemooij\redbean\RedBeanPHP\Driver\RPDO.php | Строка: 194
=================
[2020-06-13 10:11:21] Текст ошибки: Class 'app\controllers\admin\PDO' not found | Файл: C:\OSPanel\domains\ishop2.loc\app\controllers\admin\OrderController.php | Строка: 52
=================
[2020-06-13 10:15:15] Текст ошибки: SQLSTATE[01000]: Warning: 1265 Data truncated for column 'status' at row 1 | Файл: C:\OSPanel\domains\ishop2.loc\app\controllers\admin\OrderController.php | Строка: 66
=================
[2020-06-13 10:15:40] Текст ошибки: SQLSTATE[01000]: Warning: 1265 Data truncated for column 'status' at row 1 | Файл: C:\OSPanel\domains\ishop2.loc\app\controllers\admin\OrderController.php | Строка: 66
=================
[2020-06-13 10:18:48] Текст ошибки: SQLSTATE[01000]: Warning: 1265 Data truncated for column 'status' at row 1 | Файл: C:\OSPanel\domains\ishop2.loc\app\controllers\admin\OrderController.php | Строка: 66
=================
[2020-06-13 10:18:54] Текст ошибки: SQLSTATE[01000]: Warning: 1265 Data truncated for column 'status' at row 1 | Файл: C:\OSPanel\domains\ishop2.loc\app\controllers\admin\OrderController.php | Строка: 66
=================
[2020-06-13 10:19:02] Текст ошибки: SQLSTATE[01000]: Warning: 1265 Data truncated for column 'status' at row 1 | Файл: C:\OSPanel\domains\ishop2.loc\app\controllers\admin\OrderController.php | Строка: 66
=================
[2020-06-13 12:17:11] Текст ошибки: Контроллер app\controllers\admin\CategoryController не найден | Файл: C:\OSPanel\domains\ishop2.loc\vendor\ishop\core\Router.php | Строка: 36
=================
[2020-06-13 15:24:22] Текст ошибки: Контроллер app\controllers\admin\ProductController не найден | Файл: C:\OSPanel\domains\ishop2.loc\vendor\ishop\core\Router.php | Строка: 36
=================
[2020-06-13 16:19:31] Текст ошибки: Call to undefined method app\widgets\menu\Menu::getMenyHtml() | Файл: C:\OSPanel\domains\ishop2.loc\public\menu\select.php | Строка: 3
=================
[2020-06-13 16:19:35] Текст ошибки: Call to undefined method app\widgets\menu\Menu::getMenyHtml() | Файл: C:\OSPanel\domains\ishop2.loc\public\menu\select.php | Строка: 3
=================
[2020-06-13 20:08:09] Текст ошибки: Страница не найдена | Файл: C:\OSPanel\domains\ishop2.loc\app\controllers\CategoryController.php | Строка: 20
=================
[2020-06-13 20:10:05] Текст ошибки: Страница не найдена | Файл: C:\OSPanel\domains\ishop2.loc\app\controllers\CategoryController.php | Строка: 20
=================
[2020-06-13 20:33:01] Текст ошибки: На найден вид C:\OSPanel\domains\ishop2.loc/app/views/admin\Cache/delete.php | Файл: C:\OSPanel\domains\ishop2.loc\vendor\ishop\core\base\View.php | Строка: 38
=================
[2020-06-14 17:49:22] Текст ошибки: Метод app\controllers\admin\UserController::viewAction не найден | Файл: C:\OSPanel\domains\ishop2.loc\vendor\ishop\core\Router.php | Строка: 33
=================
[2020-06-15 10:04:55] Текст ошибки: Too few arguments to function ishop\base\Model::validate(), 0 passed in C:\OSPanel\domains\ishop2.loc\app\controllers\admin\UserController.php on line 49 and exactly 1 expected | Файл: C:\OSPanel\domains\ishop2.loc\vendor\ishop\core\base\Model.php | Строка: 26
=================
[2020-06-15 10:06:47] Текст ошибки: Too few arguments to function ishop\base\Model::validate(), 0 passed in C:\OSPanel\domains\ishop2.loc\app\controllers\admin\UserController.php on line 49 and exactly 1 expected | Файл: C:\OSPanel\domains\ishop2.loc\vendor\ishop\core\base\Model.php | Строка: 26
=================
[2020-06-15 10:07:08] Текст ошибки: Too few arguments to function ishop\base\Model::validate(), 0 passed in C:\OSPanel\domains\ishop2.loc\app\controllers\admin\UserController.php on line 49 and exactly 1 expected | Файл: C:\OSPanel\domains\ishop2.loc\vendor\ishop\core\base\Model.php | Строка: 26
=================
[2020-06-15 13:00:25] Текст ошибки: SQLSTATE[HY000]: General error: 1364 Field 'brand_id' doesn't have a default value | Файл: C:\OSPanel\domains\ishop2.loc\vendor\gabordemooij\redbean\RedBeanPHP\Driver\RPDO.php | Строка: 194
=================
[2020-06-15 13:02:01] Текст ошибки: SQLSTATE[HY000]: General error: 1366 Incorrect integer value: '' for column 'brand_id' at row 1 | Файл: C:\OSPanel\domains\ishop2.loc\vendor\gabordemooij\redbean\RedBeanPHP\Driver\RPDO.php | Строка: 194
=================
[2020-06-15 13:02:41] Текст ошибки: SQLSTATE[HY000]: General error: 1366 Incorrect integer value: '' for column 'brand_id' at row 1 | Файл: C:\OSPanel\domains\ishop2.loc\vendor\gabordemooij\redbean\RedBeanPHP\Driver\RPDO.php | Строка: 194
=================
[2020-06-15 13:05:56] Текст ошибки: SQLSTATE[23000]: Integrity constraint violation: 1062 Duplicate entry '' for key 'alias' | Файл: C:\OSPanel\domains\ishop2.loc\vendor\gabordemooij\redbean\RedBeanPHP\Driver\RPDO.php | Строка: 194
=================
[2020-06-15 19:46:56] Текст ошибки: Too few arguments to function app\widgets\filter\Filter::__construct(), 0 passed in C:\OSPanel\domains\ishop2.loc\app\views\Category\view.php on line 54 and exactly 2 expected | Файл: C:\OSPanel\domains\ishop2.loc\app\widgets\filter\Filter.php | Строка: 18
=================
[2020-06-16 09:10:57] Текст ошибки: SQLSTATE[42S22]: Column not found: 1054 Unknown column 'attr_td' in 'field list' | Файл: C:\OSPanel\domains\ishop2.loc\vendor\gabordemooij\redbean\RedBeanPHP\Driver\RPDO.php | Строка: 194
=================
[2020-06-16 15:08:05] Текст ошибки: Метод app\controllers\admin\ProductController::relatedProductAction не найден | Файл: C:\OSPanel\domains\ishop2.loc\vendor\ishop\core\Router.php | Строка: 33
=================
[2020-06-16 15:16:35] Текст ошибки: SQLSTATE[42000]: Syntax error or access violation: 1064 You have an error in your SQL syntax; check the manual that corresponds to your MySQL server version for the right syntax to use near 'S' at line 1 | Файл: C:\OSPanel\domains\ishop2.loc\vendor\gabordemooij\redbean\RedBeanPHP\Driver\RPDO.php | Строка: 194
=================
[2020-06-16 15:16:47] Текст ошибки: SQLSTATE[42000]: Syntax error or access violation: 1064 You have an error in your SQL syntax; check the manual that corresponds to your MySQL server version for the right syntax to use near 'S' at line 1 | Файл: C:\OSPanel\domains\ishop2.loc\vendor\gabordemooij\redbean\RedBeanPHP\Driver\RPDO.php | Строка: 194
=================
[2020-06-16 15:16:54] Текст ошибки: SQLSTATE[42000]: Syntax error or access violation: 1064 You have an error in your SQL syntax; check the manual that corresponds to your MySQL server version for the right syntax to use near 'S' at line 1 | Файл: C:\OSPanel\domains\ishop2.loc\vendor\gabordemooij\redbean\RedBeanPHP\Driver\RPDO.php | Строка: 194
=================
[2020-06-16 15:20:36] Текст ошибки: SQLSTATE[42000]: Syntax error or access violation: 1064 You have an error in your SQL syntax; check the manual that corresponds to your MySQL server version for the right syntax to use near 'S' at line 1 | Файл: C:\OSPanel\domains\ishop2.loc\vendor\gabordemooij\redbean\RedBeanPHP\Driver\RPDO.php | Строка: 194
=================
[2020-06-16 15:20:40] Текст ошибки: SQLSTATE[42000]: Syntax error or access violation: 1064 You have an error in your SQL syntax; check the manual that corresponds to your MySQL server version for the right syntax to use near 'S' at line 1 | Файл: C:\OSPanel\domains\ishop2.loc\vendor\gabordemooij\redbean\RedBeanPHP\Driver\RPDO.php | Строка: 194
=================
[2020-06-16 15:20:44] Текст ошибки: SQLSTATE[42000]: Syntax error or access violation: 1064 You have an error in your SQL syntax; check the manual that corresponds to your MySQL server version for the right syntax to use near 'S' at line 1 | Файл: C:\OSPanel\domains\ishop2.loc\vendor\gabordemooij\redbean\RedBeanPHP\Driver\RPDO.php | Строка: 194
=================
[2020-06-16 15:20:45] Текст ошибки: SQLSTATE[42000]: Syntax error or access violation: 1064 You have an error in your SQL syntax; check the manual that corresponds to your MySQL server version for the right syntax to use near 'S' at line 1 | Файл: C:\OSPanel\domains\ishop2.loc\vendor\gabordemooij\redbean\RedBeanPHP\Driver\RPDO.php | Строка: 194
=================
[2020-06-16 15:20:45] Текст ошибки: SQLSTATE[42000]: Syntax error or access violation: 1064 You have an error in your SQL syntax; check the manual that corresponds to your MySQL server version for the right syntax to use near 'S' at line 1 | Файл: C:\OSPanel\domains\ishop2.loc\vendor\gabordemooij\redbean\RedBeanPHP\Driver\RPDO.php | Строка: 194
=================
[2020-06-16 15:20:49] Текст ошибки: SQLSTATE[42000]: Syntax error or access violation: 1064 You have an error in your SQL syntax; check the manual that corresponds to your MySQL server version for the right syntax to use near 'S' at line 1 | Файл: C:\OSPanel\domains\ishop2.loc\vendor\gabordemooij\redbean\RedBeanPHP\Driver\RPDO.php | Строка: 194
=================
[2020-06-16 15:20:50] Текст ошибки: SQLSTATE[42000]: Syntax error or access violation: 1064 You have an error in your SQL syntax; check the manual that corresponds to your MySQL server version for the right syntax to use near 'S' at line 1 | Файл: C:\OSPanel\domains\ishop2.loc\vendor\gabordemooij\redbean\RedBeanPHP\Driver\RPDO.php | Строка: 194
=================
[2020-06-16 15:20:50] Текст ошибки: SQLSTATE[42000]: Syntax error or access violation: 1064 You have an error in your SQL syntax; check the manual that corresponds to your MySQL server version for the right syntax to use near 'S' at line 1 | Файл: C:\OSPanel\domains\ishop2.loc\vendor\gabordemooij\redbean\RedBeanPHP\Driver\RPDO.php | Строка: 194
=================
[2020-06-16 15:20:54] Текст ошибки: SQLSTATE[42000]: Syntax error or access violation: 1064 You have an error in your SQL syntax; check the manual that corresponds to your MySQL server version for the right syntax to use near 'S' at line 1 | Файл: C:\OSPanel\domains\ishop2.loc\vendor\gabordemooij\redbean\RedBeanPHP\Driver\RPDO.php | Строка: 194
=================
[2020-06-16 15:20:56] Текст ошибки: SQLSTATE[42000]: Syntax error or access violation: 1064 You have an error in your SQL syntax; check the manual that corresponds to your MySQL server version for the right syntax to use near 'S' at line 1 | Файл: C:\OSPanel\domains\ishop2.loc\vendor\gabordemooij\redbean\RedBeanPHP\Driver\RPDO.php | Строка: 194
=================
[2020-06-16 15:20:58] Текст ошибки: SQLSTATE[42000]: Syntax error or access violation: 1064 You have an error in your SQL syntax; check the manual that corresponds to your MySQL server version for the right syntax to use near 'S' at line 1 | Файл: C:\OSPanel\domains\ishop2.loc\vendor\gabordemooij\redbean\RedBeanPHP\Driver\RPDO.php | Строка: 194
=================
[2020-06-16 15:22:58] Текст ошибки: SQLSTATE[42000]: Syntax error or access violation: 1064 You have an error in your SQL syntax; check the manual that corresponds to your MySQL server version for the right syntax to use near 'S' at line 1 | Файл: C:\OSPanel\domains\ishop2.loc\vendor\gabordemooij\redbean\RedBeanPHP\Driver\RPDO.php | Строка: 194
=================
[2020-06-16 15:23:49] Текст ошибки: SQLSTATE[42000]: Syntax error or access violation: 1064 You have an error in your SQL syntax; check the manual that corresponds to your MySQL server version for the right syntax to use near 'S' at line 1 | Файл: C:\OSPanel\domains\ishop2.loc\vendor\gabordemooij\redbean\RedBeanPHP\Driver\RPDO.php | Строка: 194
=================
[2020-06-16 15:23:50] Текст ошибки: SQLSTATE[42000]: Syntax error or access violation: 1064 You have an error in your SQL syntax; check the manual that corresponds to your MySQL server version for the right syntax to use near 'S' at line 1 | Файл: C:\OSPanel\domains\ishop2.loc\vendor\gabordemooij\redbean\RedBeanPHP\Driver\RPDO.php | Строка: 194
=================
[2020-06-16 15:23:52] Текст ошибки: SQLSTATE[42000]: Syntax error or access violation: 1064 You have an error in your SQL syntax; check the manual that corresponds to your MySQL server version for the right syntax to use near 'S' at line 1 | Файл: C:\OSPanel\domains\ishop2.loc\vendor\gabordemooij\redbean\RedBeanPHP\Driver\RPDO.php | Строка: 194
=================
[2020-06-16 15:23:52] Текст ошибки: SQLSTATE[42000]: Syntax error or access violation: 1064 You have an error in your SQL syntax; check the manual that corresponds to your MySQL server version for the right syntax to use near 'S' at line 1 | Файл: C:\OSPanel\domains\ishop2.loc\vendor\gabordemooij\redbean\RedBeanPHP\Driver\RPDO.php | Строка: 194
=================
[2020-06-16 15:23:58] Текст ошибки: SQLSTATE[42000]: Syntax error or access violation: 1064 You have an error in your SQL syntax; check the manual that corresponds to your MySQL server version for the right syntax to use near 'S' at line 1 | Файл: C:\OSPanel\domains\ishop2.loc\vendor\gabordemooij\redbean\RedBeanPHP\Driver\RPDO.php | Строка: 194
=================
[2020-06-16 15:23:59] Текст ошибки: SQLSTATE[42000]: Syntax error or access violation: 1064 You have an error in your SQL syntax; check the manual that corresponds to your MySQL server version for the right syntax to use near 'S' at line 1 | Файл: C:\OSPanel\domains\ishop2.loc\vendor\gabordemooij\redbean\RedBeanPHP\Driver\RPDO.php | Строка: 194
=================
[2020-06-16 15:24:01] Текст ошибки: SQLSTATE[42000]: Syntax error or access violation: 1064 You have an error in your SQL syntax; check the manual that corresponds to your MySQL server version for the right syntax to use near 'S' at line 1 | Файл: C:\OSPanel\domains\ishop2.loc\vendor\gabordemooij\redbean\RedBeanPHP\Driver\RPDO.php | Строка: 194
=================
[2020-06-16 15:25:44] Текст ошибки: SQLSTATE[42000]: Syntax error or access violation: 1064 You have an error in your SQL syntax; check the manual that corresponds to your MySQL server version for the right syntax to use near 'S' at line 1 | Файл: C:\OSPanel\domains\ishop2.loc\vendor\gabordemooij\redbean\RedBeanPHP\Driver\RPDO.php | Строка: 194
=================
[2020-06-16 15:25:46] Текст ошибки: SQLSTATE[42000]: Syntax error or access violation: 1064 You have an error in your SQL syntax; check the manual that corresponds to your MySQL server version for the right syntax to use near 'S' at line 1 | Файл: C:\OSPanel\domains\ishop2.loc\vendor\gabordemooij\redbean\RedBeanPHP\Driver\RPDO.php | Строка: 194
=================
[2020-06-16 15:25:47] Текст ошибки: SQLSTATE[42000]: Syntax error or access violation: 1064 You have an error in your SQL syntax; check the manual that corresponds to your MySQL server version for the right syntax to use near 'S' at line 1 | Файл: C:\OSPanel\domains\ishop2.loc\vendor\gabordemooij\redbean\RedBeanPHP\Driver\RPDO.php | Строка: 194
=================
[2020-06-16 15:25:49] Текст ошибки: SQLSTATE[42000]: Syntax error or access violation: 1064 You have an error in your SQL syntax; check the manual that corresponds to your MySQL server version for the right syntax to use near 'S' at line 1 | Файл: C:\OSPanel\domains\ishop2.loc\vendor\gabordemooij\redbean\RedBeanPHP\Driver\RPDO.php | Строка: 194
=================
[2020-06-16 15:26:28] Текст ошибки: SQLSTATE[42000]: Syntax error or access violation: 1064 You have an error in your SQL syntax; check the manual that corresponds to your MySQL server version for the right syntax to use near 'S' at line 1 | Файл: C:\OSPanel\domains\ishop2.loc\vendor\gabordemooij\redbean\RedBeanPHP\Driver\RPDO.php | Строка: 194
=================
[2020-06-17 18:05:05] Текст ошибки: SQLSTATE[42S22]: Column not found: 1054 Unknown column 'qwe' in 'field list' | Файл: C:\OSPanel\domains\ishop2.loc\vendor\gabordemooij\redbean\RedBeanPHP\Driver\RPDO.php | Строка: 194
=================
[2020-06-17 18:16:42] Текст ошибки: SQLSTATE[HY000]: General error: 2006 MySQL server has gone away | Файл: C:\OSPanel\domains\ishop2.loc\vendor\gabordemooij\redbean\RedBeanPHP\Driver\RPDO.php | Строка: 194
=================
[2020-06-17 20:01:13] Текст ошибки: SQLSTATE[42S22]: Column not found: 1054 Unknown column 'Array' in 'field list' | Файл: C:\OSPanel\domains\ishop2.loc\vendor\gabordemooij\redbean\RedBeanPHP\Driver\RPDO.php | Строка: 194
=================
[2020-06-18 09:11:05] Текст ошибки: SQLSTATE[HY093]: Invalid parameter number: no parameters were bound | Файл: C:\OSPanel\domains\ishop2.loc\vendor\gabordemooij\redbean\RedBeanPHP\Driver\RPDO.php | Строка: 194
=================
[2020-06-18 09:11:36] Текст ошибки: SQLSTATE[HY093]: Invalid parameter number: no parameters were bound | Файл: C:\OSPanel\domains\ishop2.loc\vendor\gabordemooij\redbean\RedBeanPHP\Driver\RPDO.php | Строка: 194
=================
[2020-06-18 09:11:42] Текст ошибки: SQLSTATE[HY093]: Invalid parameter number: no parameters were bound | Файл: C:\OSPanel\domains\ishop2.loc\vendor\gabordemooij\redbean\RedBeanPHP\Driver\RPDO.php | Строка: 194
=================
[2020-06-18 09:14:00] Текст ошибки: SQLSTATE[HY093]: Invalid parameter number: no parameters were bound | Файл: C:\OSPanel\domains\ishop2.loc\vendor\gabordemooij\redbean\RedBeanPHP\Driver\RPDO.php | Строка: 194
=================
[2020-06-18 09:14:48] Текст ошибки: SQLSTATE[HY093]: Invalid parameter number: no parameters were bound | Файл: C:\OSPanel\domains\ishop2.loc\vendor\gabordemooij\redbean\RedBeanPHP\Driver\RPDO.php | Строка: 194
=================
[2020-06-18 12:53:03] Текст ошибки: На найден вид C:\OSPanel\domains\ishop2.loc/app/views/admin\Product/delete-gallery.php | Файл: C:\OSPanel\domains\ishop2.loc\vendor\ishop\core\base\View.php | Строка: 38
=================
[2020-06-18 12:55:42] Текст ошибки: На найден вид C:\OSPanel\domains\ishop2.loc/app/views/admin\Product/delete-gallery.php | Файл: C:\OSPanel\domains\ishop2.loc\vendor\ishop\core\base\View.php | Строка: 38
=================
[2020-06-18 12:55:46] Текст ошибки: На найден вид C:\OSPanel\domains\ishop2.loc/app/views/admin\Product/delete-gallery.php | Файл: C:\OSPanel\domains\ishop2.loc\vendor\ishop\core\base\View.php | Строка: 38
=================
[2020-06-18 12:59:46] Текст ошибки: SQLSTATE[HY000]: General error: 2006 MySQL server has gone away | Файл: C:\OSPanel\domains\ishop2.loc\vendor\gabordemooij\redbean\RedBeanPHP\Driver\RPDO.php | Строка: 194
=================
[2020-06-18 13:00:00] Текст ошибки: На найден вид C:\OSPanel\domains\ishop2.loc/app/views/admin\Product/delete-gallery.php | Файл: C:\OSPanel\domains\ishop2.loc\vendor\ishop\core\base\View.php | Строка: 38
=================
[2020-06-18 13:12:14] Текст ошибки: страница не найдена | Файл: C:\OSPanel\domains\ishop2.loc\app\controllers\admin\AppController.php | Строка: 34
=================
[2020-06-18 13:14:24] Текст ошибки: страница не найдена | Файл: C:\OSPanel\domains\ishop2.loc\app\controllers\admin\AppController.php | Строка: 34
=================
[2020-06-18 13:17:25] Текст ошибки: страница не найдена | Файл: C:\OSPanel\domains\ishop2.loc\app\controllers\admin\AppController.php | Строка: 34
=================
[2020-06-18 13:17:42] Текст ошибки: страница не найдена | Файл: C:\OSPanel\domains\ishop2.loc\app\controllers\admin\AppController.php | Строка: 34
=================
[2020-06-18 13:19:04] Текст ошибки: SQLSTATE[42000]: Syntax error or access violation: 1064 You have an error in your SQL syntax; check the manual that corresponds to your MySQL server version for the right syntax to use near ')' at line 1 | Файл: C:\OSPanel\domains\ishop2.loc\vendor\gabordemooij\redbean\RedBeanPHP\Driver\RPDO.php | Строка: 194
=================
[2020-06-18 14:48:17] Текст ошибки: Identifier does not conform to RedBeanPHP security policies. | Файл: C:\OSPanel\domains\ishop2.loc\vendor\gabordemooij\redbean\RedBeanPHP\QueryWriter\AQueryWriter.php | Строка: 820
=================
[2020-06-18 14:48:19] Текст ошибки: Identifier does not conform to RedBeanPHP security policies. | Файл: C:\OSPanel\domains\ishop2.loc\vendor\gabordemooij\redbean\RedBeanPHP\QueryWriter\AQueryWriter.php | Строка: 820
=================
[2020-06-18 15:29:54] Текст ошибки: Метод app\controllers\admin\ProductController::deleteAction не найден | Файл: C:\OSPanel\domains\ishop2.loc\vendor\ishop\core\Router.php | Строка: 33
=================
[2020-06-18 15:31:50] Текст ошибки: Метод app\controllers\admin\UserController::deleteAction не найден | Файл: C:\OSPanel\domains\ishop2.loc\vendor\ishop\core\Router.php | Строка: 33
=================
[2020-06-18 15:33:25] Текст ошибки: страница не найдена | Файл: C:\OSPanel\domains\ishop2.loc\app\controllers\admin\AppController.php | Строка: 34
=================
[2020-06-18 16:45:37] Текст ошибки: Страница не найдена | Файл: C:\OSPanel\domains\ishop2.loc\app\controllers\ProductController.php | Строка: 14
=================
[2020-06-18 16:58:57] Текст ошибки: SQLSTATE[42000]: Syntax error or access violation: 1064 You have an error in your SQL syntax; check the manual that corresponds to your MySQL server version for the right syntax to use near '),(0, 57, '', )' at line 1 | Файл: C:\OSPanel\domains\ishop2.loc\vendor\gabordemooij\redbean\RedBeanPHP\Driver\RPDO.php | Строка: 194
=================
[2020-06-18 17:04:42] Текст ошибки: SQLSTATE[42000]: Syntax error or access violation: 1064 You have an error in your SQL syntax; check the manual that corresponds to your MySQL server version for the right syntax to use near ')' at line 1 | Файл: C:\OSPanel\domains\ishop2.loc\vendor\gabordemooij\redbean\RedBeanPHP\Driver\RPDO.php | Строка: 194
=================
[2020-06-18 18:08:45] Текст ошибки: Страница не найдена | Файл: C:\OSPanel\domains\ishop2.loc\app\controllers\ProductController.php | Строка: 14
=================
[2020-06-19 13:43:15] Текст ошибки: Метод app\controllers\admin\FilterController::attributeEditAction не найден | Файл: C:\OSPanel\domains\ishop2.loc\vendor\ishop\core\Router.php | Строка: 33
=================
[2020-06-19 13:47:34] Текст ошибки: Метод app\controllers\admin\FilterController::groupEditAction не найден | Файл: C:\OSPanel\domains\ishop2.loc\vendor\ishop\core\Router.php | Строка: 33
=================
[2020-06-19 14:27:26] Текст ошибки: Метод app\controllers\admin\FilterController::groupEditAction не найден | Файл: C:\OSPanel\domains\ishop2.loc\vendor\ishop\core\Router.php | Строка: 33
=================
[2020-06-19 14:27:40] Текст ошибки: Метод app\controllers\admin\FilterController::groupEditAction не найден | Файл: C:\OSPanel\domains\ishop2.loc\vendor\ishop\core\Router.php | Строка: 33
=================
[2020-06-19 14:28:29] Текст ошибки: Метод app\controllers\admin\FilterController::groupEditAction не найден | Файл: C:\OSPanel\domains\ishop2.loc\vendor\ishop\core\Router.php | Строка: 33
=================
[2020-06-19 14:29:04] Текст ошибки: На найден вид C:\OSPanel\domains\ishop2.loc/app/views/admin\Filter/group-edit.php | Файл: C:\OSPanel\domains\ishop2.loc\vendor\ishop\core\base\View.php | Строка: 38
=================
[2020-06-19 14:31:27] Текст ошибки: страница не найдена | Файл: C:\OSPanel\domains\ishop2.loc\app\controllers\admin\AppController.php | Строка: 34
=================
[2020-06-19 14:33:39] Текст ошибки: страница не найдена | Файл: C:\OSPanel\domains\ishop2.loc\app\controllers\admin\AppController.php | Строка: 34
=================
[2020-06-20 08:21:18] Текст ошибки: страница не найдена | Файл: C:\OSPanel\domains\ishop2.loc\app\controllers\admin\AppController.php | Строка: 34
=================
[2020-06-20 08:23:50] Текст ошибки: страница не найдена | Файл: C:\OSPanel\domains\ishop2.loc\app\controllers\admin\AppController.php | Строка: 34
=================
[2020-06-20 08:23:55] Текст ошибки: страница не найдена | Файл: C:\OSPanel\domains\ishop2.loc\app\controllers\admin\AppController.php | Строка: 34
=================
[2020-06-20 09:18:20] Текст ошибки: страница не найдена | Файл: C:\OSPanel\domains\ishop2.loc\app\controllers\admin\AppController.php | Строка: 34
=================
[2020-06-20 09:31:27] Текст ошибки: Контроллер app\controllers\admin\CurrencyController не найден | Файл: C:\OSPanel\domains\ishop2.loc\vendor\ishop\core\Router.php | Строка: 36
=================
[2020-06-20 10:41:41] Текст ошибки: Метод app\controllers\admin\FilterController::currencyAddAction не найден | Файл: C:\OSPanel\domains\ishop2.loc\vendor\ishop\core\Router.php | Строка: 33
=================
[2020-06-20 10:42:46] Текст ошибки: Class 'app\controllers\admin\Currency' not found | Файл: C:\OSPanel\domains\ishop2.loc\app\controllers\admin\CurrencyController.php | Строка: 17
=================
[2020-06-20 10:45:32] Текст ошибки: Class 'app\controllers\admin\Currency' not found | Файл: C:\OSPanel\domains\ishop2.loc\app\controllers\admin\CurrencyController.php | Строка: 17
=================
[2020-06-20 10:45:53] Текст ошибки: Class 'app\controllers\admin\Currency' not found | Файл: C:\OSPanel\domains\ishop2.loc\app\controllers\admin\CurrencyController.php | Строка: 17
=================
[2020-06-20 10:46:58] Текст ошибки: Class 'app\controllers\admin\Currency' not found | Файл: C:\OSPanel\domains\ishop2.loc\app\controllers\admin\CurrencyController.php | Строка: 17
=================
[2020-06-20 10:48:56] Текст ошибки: Call to undefined method app\widgets\currency\Currency::load() | Файл: C:\OSPanel\domains\ishop2.loc\app\controllers\admin\CurrencyController.php | Строка: 21
=================
[2020-06-20 10:50:28] Текст ошибки: SQLSTATE[01000]: Warning: 1265 Data truncated for column 'base' at row 1 | Файл: C:\OSPanel\domains\ishop2.loc\vendor\gabordemooij\redbean\RedBeanPHP\Driver\RPDO.php | Строка: 194
=================
[2020-06-25 08:56:01] Текст ошибки: Страница не найдена | Файл: C:\OSPanel\domains\ishop2.loc\app\controllers\ProductController.php | Строка: 14
=================
[2020-06-26 13:53:50] Текст ошибки: Нет соединения с БД | Файл: C:\OSpanel\OpenServer\domains\ishop2.loc\vendor\ishop\core\Db.php | Строка: 14
=================
